26-12-14 15:16:47 08864 000023A4     inst.exe _tWinMain Entry
26-12-14 15:16:47 08864 000023A4     inst.exe _tWinMain Vista above or not admin so calling MyShellExec
26-12-14 15:16:47 08864 000023A4     inst.exe MyShellExec Entry
26-12-14 15:16:47 08864 000023A4     inst.exe MyShellExec Initializing info
26-12-14 15:16:47 02972 000009FC     inst.exe _tWinMain Vista above or not admin so calling MyShellExec
26-12-14 15:16:47 08864 000023A4     inst.exe MyShellExec ***********************
26-12-14 15:16:47 02972 000009FC     inst.exe MyShellExec Entry
26-12-14 15:16:47 08864 000023A4     inst.exe MyShellExec Exe Path(G:\software\64\QHISES64.EXE)
26-12-14 15:16:47 02972 000009FC     inst.exe MyShellExec Initializing info
26-12-14 15:16:47 08864 000023A4     inst.exe MyShellExec Action(open)
26-12-14 15:16:47 08864 000023A4     inst.exe MyShellExec Command line(/nocheck)

26-12-14 15:16:47 08864 000023A4     inst.exe MyShellExec ***********************
26-12-14 15:16:47 02972 000009FC     inst.exe MyShellExec Exe Path(G:\software\64\QHISES64.EXE)
26-12-14 15:16:47 26-12-14 15:16:47 02972 000009FC     inst.exe MyShellExec Action(open)
26-12-14 15:16:47 02972 000009FC     inst.exe MyShellExec Command line(/nocheck)
26-12-14 15:16:47 02972 000009FC     inst.exe MyShellExec ***********************
26-12-14 15:16:47 02972 000009FC     inst.exe MyShellExec Calling ShellExecuteEx
26-12-14 15:16:48 02972 000009FC     inst.exe MyShellExec Afetr ShellExecuteEx
26-12-14 15:16:48 08864 000023A4     inst.exe MyShellExec Waiting on process...
26-12-14 15:16:48 02972 000009FC     inst.exe MyShellExec Waiting on process...
26-12-14 15:16:55 08864 000023A4     inst.exe MyShellExec Waiting complited
26-12-14 15:16:55 08864 000023A4     inst.exe MyShellExec Exit
26-12-14 15:16:55 08864 000023A4     inst.exe _tWinMain Exit
26-12-14 15:21:27 02972 000009FC     inst.exe MyShellExec Waiting complited
26-12-14 15:21:27 02972 000009FC     inst.exe MyShellExec Exit
26-12-14 15:21:27 02972 000009FC     inst.exe _tWinMain Exit
16-12-16 00:03:21 02060 00000804     inst.exe _tWinMain Entry
16-12-16 00:03:21 02060 00000804     inst.exe _tWinMain Vista above or not admin so calling MyShellExec
16-12-16 00:03:21 02060 00000804     inst.exe MyShellExec Entry
16-12-16 00:03:21 02060 00000804     inst.exe MyShellExec Initializing info
16-12-16 00:03:21 02060 00000804     inst.exe MyShellExec ***********************
16-12-16 00:03:21 02060 00000804     inst.exe MyShellExec Exe Path(G:\software\64\QHISES64.EXE)
16-12-16 00:03:21 02060 00000804     inst.exe MyShellExec Action(open)
16-12-16 00:03:21 02060 00000804     inst.exe MyShellExec Command line(/nocheck)
16-12-16 00:03:21 02060 00000804     inst.exe MyShellExec ***********************
16-12-16 00:03:21 02060 00000804     inst.exe MyShellExec Calling ShellExecuteEx
16-12-16 00:03:22 02060 00000804     inst.exe MyShellExec Afetr ShellExecuteEx
16-12-16 00:03:22 02060 00000804     inst.exe MyShellExec Waiting on process...
16-12-16 00:05:32 02060 00000804     inst.exe MyShellExec Waiting complited
16-12-16 00:05:32 02060 00000804     inst.exe MyShellExec Exit
16-12-16 00:05:32 02060 00000804     inst.exe _tWinMain Exit
16-12-16 00:05:52 03468 00000900     inst.exe _tWinMain Entry
16-12-16 00:05:52 03468 00000900     inst.exe _tWinMain Vista above or not admin so calling MyShellExec
16-12-16 00:05:52 03468 00000900     inst.exe MyShellExec Entry
16-12-16 00:05:52 03468 00000900     inst.exe MyShellExec Initializing info
16-12-16 00:05:52 03468 00000900     inst.exe MyShellExec ***********************
16-12-16 00:05:52 03468 00000900     inst.exe MyShellExec Exe Path(G:\software\64\QHISES64.EXE)
16-12-16 00:05:52 03468 00000900     inst.exe MyShellExec Action(open)
16-12-16 00:05:52 03468 00000900     inst.exe MyShellExec Command line(/nocheck)
16-12-16 00:05:52 03468 00000900     inst.exe MyShellExec ***********************
16-12-16 00:05:52 03468 00000900     inst.exe MyShellExec Calling ShellExecuteEx
16-12-16 00:05:52 03468 00000900     inst.exe MyShellExec Afetr ShellExecuteEx
16-12-16 00:05:52 03468 00000900     inst.exe MyShellExec Waiting on process...
16-12-16 00:08:17 03468 00000900     inst.exe MyShellExec Waiting complited
16-12-16 00:08:17 03468 00000900     inst.exe MyShellExec Exit
16-12-16 00:08:17 03468 00000900     inst.exe _tWinMain Exit
